<?xml version="1.0" encoding="UTF-8"?>
<!-- Generated by org.testng.reporters.JUnitReportReporter -->
<testsuite skipped="0" hostname="VINODDP-M-J38Q" name="restApitests.ApiTests" tests="1" failures="0" timestamp="06 Nov 2019 06:27:17 GMT" time="2.255" errors="0">
  <testcase name="getUserInfo" time="2.255" classname="restApitests.ApiTests"/>
</testsuite> <!-- restApitests.ApiTests -->
