<?xml version="1.0" encoding="UTF-8"?>
<testsuite name="restApitests.ApiTests" tests="1" skipped="0" failures="0" errors="0" timestamp="2019-11-06T06:27:13" hostname="VINODDP-M-J38Q" time="2.255">
  <properties/>
  <testcase name="getUserInfo" classname="restApitests.ApiTests" time="2.255"/>
  <system-out><![CDATA[]]></system-out>
  <system-err><![CDATA[]]></system-err>
</testsuite>
